<?xml version="1.0" encoding="UTF-8"?>
<testsuite name="com.bank.BankApplicationTests" tests="1" skipped="0" failures="0" errors="0" timestamp="2025-06-13T20:29:36.034Z" hostname="DESKTOP-5L2OH8B" time="0.487">
  <properties/>
  <testcase name="contextLoads()" classname="com.bank.BankApplicationTests" time="0.487"/>
  <system-out><![CDATA[15:29:31.000 [Test worker] INFO org.springframework.test.context.support.AnnotationConfigContextLoaderUtils -- Could not detect default configuration classes for test class [com.bank.BankApplicationTests]: BankApplicationTests does not declare any static, non-private, non-final, nested classes annotated with @Configuration.
15:29:31.150 [Test worker] INFO org.springframework.boot.test.context.SpringBootTestContextBootstrapper -- Found @SpringBootConfiguration com.bank.BankApplication for test class com.bank.BankApplicationTests

  .   ____          _            __ _ _
 /\\ / ___'_ __ _ _(_)_ __  __ _ \ \ \ \
( ( )\___ | '_ | '_| | '_ \/ _` | \ \ \ \
 \\/  ___)| |_)| | | | | || (_| |  ) ) ) )
  '  |____| .__|_| |_|_| |_\__, | / / / /
 =========|_|==============|___/=/_/_/_/

 :: Spring Boot ::                (v3.4.4)

2025-06-13T15:29:31.570-05:00  INFO 2568 --- [bank] [    Test worker] com.bank.BankApplicationTests            : Starting BankApplicationTests using Java 21.0.2 with PID 2568 (started by Asus in C:\Users\Asus\Desktop\archivos\cloud computing\examen final\bank-microserver)
2025-06-13T15:29:31.572-05:00  INFO 2568 --- [bank] [    Test worker] com.bank.BankApplicationTests            : No active profile set, falling back to 1 default profile: "default"
2025-06-13T15:29:32.266-05:00  INFO 2568 --- [bank] [    Test worker] .s.d.r.c.RepositoryConfigurationDelegate : Bootstrapping Spring Data JPA repositories in DEFAULT mode.
2025-06-13T15:29:32.362-05:00  INFO 2568 --- [bank] [    Test worker] .s.d.r.c.RepositoryConfigurationDelegate : Finished Spring Data repository scanning in 86 ms. Found 5 JPA repository interfaces.
2025-06-13T15:29:32.913-05:00  INFO 2568 --- [bank] [    Test worker] o.hibernate.jpa.internal.util.LogHelper  : HHH000204: Processing PersistenceUnitInfo [name: default]
2025-06-13T15:29:32.995-05:00  INFO 2568 --- [bank] [    Test worker] org.hibernate.Version                    : HHH000412: Hibernate ORM core version 6.6.11.Final
2025-06-13T15:29:33.040-05:00  INFO 2568 --- [bank] [    Test worker] o.h.c.internal.RegionFactoryInitiator    : HHH000026: Second-level cache disabled
2025-06-13T15:29:33.378-05:00  INFO 2568 --- [bank] [    Test worker] o.s.o.j.p.SpringPersistenceUnitInfo      : No LoadTimeWeaver setup: ignoring JPA class transformer
2025-06-13T15:29:33.411-05:00  INFO 2568 --- [bank] [    Test worker] com.zaxxer.hikari.HikariDataSource       : HikariPool-1 - Starting...
2025-06-13T15:29:33.583-05:00  INFO 2568 --- [bank] [    Test worker] com.zaxxer.hikari.pool.HikariPool        : HikariPool-1 - Added connection org.postgresql.jdbc.PgConnection@ca2be53
2025-06-13T15:29:33.585-05:00  INFO 2568 --- [bank] [    Test worker] com.zaxxer.hikari.HikariDataSource       : HikariPool-1 - Start completed.
2025-06-13T15:29:33.622-05:00  WARN 2568 --- [bank] [    Test worker] org.hibernate.orm.deprecation            : HHH90000025: PostgreSQLDialect does not need to be specified explicitly using 'hibernate.dialect' (remove the property setting and it will be selected by default)
2025-06-13T15:29:33.648-05:00  INFO 2568 --- [bank] [    Test worker] org.hibernate.orm.connections.pooling    : HHH10001005: Database info:
	Database JDBC URL [Connecting through datasource 'HikariDataSource (HikariPool-1)']
	Database driver: undefined/unknown
	Database version: 16.2
	Autocommit mode: undefined/unknown
	Isolation level: undefined/unknown
	Minimum pool size: undefined/unknown
	Maximum pool size: undefined/unknown
2025-06-13T15:29:34.641-05:00  INFO 2568 --- [bank] [    Test worker] o.h.e.t.j.p.i.JtaPlatformInitiator       : HHH000489: No JTA platform available (set 'hibernate.transaction.jta.platform' to enable JTA platform integration)
2025-06-13T15:29:34.851-05:00  INFO 2568 --- [bank] [    Test worker] j.LocalContainerEntityManagerFactoryBean : Initialized JPA EntityManagerFactory for persistence unit 'default'
2025-06-13T15:29:35.294-05:00  WARN 2568 --- [bank] [    Test worker] JpaBaseConfiguration$JpaWebConfiguration : spring.jpa.open-in-view is enabled by default. Therefore, database queries may be performed during view rendering. Explicitly configure spring.jpa.open-in-view to disable this warning
2025-06-13T15:29:35.418-05:00  INFO 2568 --- [bank] [    Test worker] o.s.b.a.w.s.WelcomePageHandlerMapping    : Adding welcome page: class path resource [static/index.html]
2025-06-13T15:29:36.022-05:00  INFO 2568 --- [bank] [    Test worker] com.bank.BankApplicationTests            : Started BankApplicationTests in 4.714 seconds (process running for 5.928)
]]></system-out>
  <system-err><![CDATA[Mockito is currently self-attaching to enable the inline-mock-maker. This will no longer work in future releases of the JDK. Please add Mockito as an agent to your build what is described in Mockito's documentation: https://javadoc.io/doc/org.mockito/mockito-core/latest/org/mockito/Mockito.html#0.3
WARNING: A Java agent has been loaded dynamically (C:\Users\Asus\.gradle\caches\modules-2\files-2.1\net.bytebuddy\byte-buddy-agent\1.15.11\a38b16385e867f59a641330f0362ebe742788ed8\byte-buddy-agent-1.15.11.jar)
WARNING: If a serviceability tool is in use, please run with -XX:+EnableDynamicAgentLoading to hide this warning
WARNING: If a serviceability tool is not in use, please run with -Djdk.instrument.traceUsage for more information
WARNING: Dynamic loading of agents will be disallowed by default in a future release
]]></system-err>
</testsuite>
